# JRE version: OpenJDK Runtime Environment Temurin-21.0.9+10 (21.0.9+10) (build 21.0.9+10-LTS)
# Java VM: OpenJDK 64-Bit Server VM Temurin-21.0.9+10 (21.0.9+10-LTS, mixed mode, sharing, tiered, compressed oops, compressed class ptrs, parallel gc, bsd-aarch64)
GC Precious Log:
 CardTable entry size: 512
 CPUs: 10 total, 10 available
 Memory: 16384M
 Large Page Support: Disabled
 NUMA Support: Disabled
 Compressed Oops: Enabled (Zero based)
 Alignments: Space 512K, Generation 512K, Heap 8M
 Heap Min Capacity: 104M
 Heap Initial Capacity: 104M
 Heap Max Capacity: 2G
 Pre-touch: Disabled
 Parallel Workers: 9
Heap:
 PSYoungGen      total 14336K, used 9790K [0x0000000355d80000, 0x0000000356e00000, 0x0000000380800000)
  eden space 13824K, 68% used [0x0000000355d80000,0x00000003566c7b10,0x0000000356b00000)
  from space 512K, 56% used [0x0000000356b80000,0x0000000356bc8000,0x0000000356c00000)
  to   space 512K, 0% used [0x0000000356d80000,0x0000000356d80000,0x0000000356e00000)
 ParOldGen       total 71168K, used 70199K [0x0000000300800000, 0x0000000304d80000, 0x0000000355d80000)
  object space 71168K, 98% used [0x0000000300800000,0x0000000304c8ddc0,0x0000000304d80000)
 Metaspace       used 71139K, committed 72704K, reserved 1114112K
  class space    used 8851K, committed 9536K, reserved 1048576K
GC Heap History (20 events):
Event: 10.649 GC heap before
{Heap before GC invocations=101 (full 3):
 PSYoungGen      total 15360K, used 15328K [0x0000000355d80000, 0x0000000357100000, 0x0000000380800000)
  eden space 13824K, 100% used [0x0000000355d80000,0x0000000356b00000,0x0000000356b00000)
  from space 1536K, 97% used [0x0000000356b00000,0x0000000356c78010,0x0000000356c80000)
  to   space 3072K, 0% used [0x0000000356e00000,0x0000000356e00000,0x0000000357100000)
 ParOldGen       total 71168K, used 59540K [0x0000000300800000, 0x0000000304d80000, 0x0000000355d80000)
  object space 71168K, 83% used [0x0000000300800000,0x0000000304225358,0x0000000304d80000)
 Metaspace       used 67361K, committed 68928K, reserved 1114112K
  class space    used 8526K, committed 9216K, reserved 1048576K
}
Event: 10.651 GC heap after
{Heap after GC invocations=101 (full 3):
 PSYoungGen      total 15360K, used 1272K [0x0000000355d80000, 0x0000000356f80000, 0x0000000380800000)
  eden space 13824K, 0% used [0x0000000355d80000,0x0000000355d80000,0x0000000356b00000)
  from space 1536K, 82% used [0x0000000356e00000,0x0000000356f3e200,0x0000000356f80000)
  to   space 2048K, 0% used [0x0000000356b80000,0x0000000356b80000,0x0000000356d80000)
 ParOldGen       total 71168K, used 60980K [0x0000000300800000, 0x0000000304d80000, 0x0000000355d80000)
  object space 71168K, 85% used [0x0000000300800000,0x000000030438d368,0x0000000304d80000)
 Metaspace       used 67361K, committed 68928K, reserved 1114112K
  class space    used 8526K, committed 9216K, reserved 1048576K
}
Event: 10.663 GC heap before
{Heap before GC invocations=102 (full 3):
 PSYoungGen      total 15360K, used 15096K [0x0000000355d80000, 0x0000000356f80000, 0x0000000380800000)
  eden space 13824K, 100% used [0x0000000355d80000,0x0000000356b00000,0x0000000356b00000)
  from space 1536K, 82% used [0x0000000356e00000,0x0000000356f3e200,0x0000000356f80000)
  to   space 2048K, 0% used [0x0000000356b80000,0x0000000356b80000,0x0000000356d80000)
 ParOldGen       total 71168K, used 60980K [0x0000000300800000, 0x0000000304d80000, 0x0000000355d80000)
  object space 71168K, 85% used [0x0000000300800000,0x000000030438d368,0x0000000304d80000)
 Metaspace       used 67372K, committed 68992K, reserved 1114112K
  class space    used 8526K, committed 9216K, reserved 1048576K
}
Event: 10.664 GC heap after
{Heap after GC invocations=102 (full 3):
 PSYoungGen      total 15360K, used 1184K [0x0000000355d80000, 0x0000000356e80000, 0x0000000380800000)
  eden space 13824K, 0% used [0x0000000355d80000,0x0000000355d80000,0x0000000356b00000)
  from space 1536K, 77% used [0x0000000356b80000,0x0000000356ca8000,0x0000000356d00000)
  to   space 1536K, 0% used [0x0000000356d00000,0x0000000356d00000,0x0000000356e80000)
 ParOldGen       total 71168K, used 62157K [0x0000000300800000, 0x0000000304d80000, 0x0000000355d80000)
  object space 71168K, 87% used [0x0000000300800000,0x00000003044b3568,0x0000000304d80000)
 Metaspace       used 67372K, committed 68992K, reserved 1114112K
  class space    used 8526K, committed 9216K, reserved 1048576K
}
Event: 10.740 GC heap before
{Heap before GC invocations=103 (full 3):
 PSYoungGen      total 15360K, used 15008K [0x0000000355d80000, 0x0000000356e80000, 0x0000000380800000)
  eden space 13824K, 100% used [0x0000000355d80000,0x0000000356b00000,0x0000000356b00000)
  from space 1536K, 77% used [0x0000000356b80000,0x0000000356ca8000,0x0000000356d00000)
  to   space 1536K, 0% used [0x0000000356d00000,0x0000000356d00000,0x0000000356e80000)
 ParOldGen       total 71168K, used 62157K [0x0000000300800000, 0x0000000304d80000, 0x0000000355d80000)
  object space 71168K, 87% used [0x0000000300800000,0x00000003044b3568,0x0000000304d80000)
 Metaspace       used 69095K, committed 70656K, reserved 1114112K
  class space    used 8688K, committed 9344K, reserved 1048576K
}
Event: 10.741 GC heap after
{Heap after GC invocations=103 (full 3):
 PSYoungGen      total 15360K, used 1078K [0x0000000355d80000, 0x0000000356e80000, 0x0000000380800000)
  eden space 13824K, 0% used [0x0000000355d80000,0x0000000355d80000,0x0000000356b00000)
  from space 1536K, 70% used [0x0000000356d00000,0x0000000356e0d958,0x0000000356e80000)
  to   space 1536K, 0% used [0x0000000356b80000,0x0000000356b80000,0x0000000356d00000)
 ParOldGen       total 71168K, used 63234K [0x0000000300800000, 0x0000000304d80000, 0x0000000355d80000)
  object space 71168K, 88% used [0x0000000300800000,0x00000003045c08c0,0x0000000304d80000)
 Metaspace       used 69095K, committed 70656K, reserved 1114112K
  class space    used 8688K, committed 9344K, reserved 1048576K
}
Event: 10.834 GC heap before
{Heap before GC invocations=104 (full 3):
 PSYoungGen      total 15360K, used 14902K [0x0000000355d80000, 0x0000000356e80000, 0x0000000380800000)
  eden space 13824K, 100% used [0x0000000355d80000,0x0000000356b00000,0x0000000356b00000)
  from space 1536K, 70% used [0x0000000356d00000,0x0000000356e0d958,0x0000000356e80000)
  to   space 1536K, 0% used [0x0000000356b80000,0x0000000356b80000,0x0000000356d00000)
 ParOldGen       total 71168K, used 63234K [0x0000000300800000, 0x0000000304d80000, 0x0000000355d80000)
  object space 71168K, 88% used [0x0000000300800000,0x00000003045c08c0,0x0000000304d80000)
 Metaspace       used 69619K, committed 71232K, reserved 1114112K
  class space    used 8736K, committed 9408K, reserved 1048576K
}
Event: 10.835 GC heap after
{Heap after GC invocations=104 (full 3):
 PSYoungGen      total 14336K, used 480K [0x0000000355d80000, 0x0000000356d80000, 0x0000000380800000)
  eden space 13824K, 0% used [0x0000000355d80000,0x0000000355d80000,0x0000000356b00000)
  from space 512K, 93% used [0x0000000356b80000,0x0000000356bf8040,0x0000000356c00000)
  to   space 1024K, 0% used [0x0000000356c80000,0x0000000356c80000,0x0000000356d80000)
 ParOldGen       total 71168K, used 64082K [0x0000000300800000, 0x0000000304d80000, 0x0000000355d80000)
  object space 71168K, 90% used [0x0000000300800000,0x0000000304694800,0x0000000304d80000)
 Metaspace       used 69619K, committed 71232K, reserved 1114112K
  class space    used 8736K, committed 9408K, reserved 1048576K
}
Event: 10.889 GC heap before
{Heap before GC invocations=105 (full 3):
 PSYoungGen      total 14336K, used 14304K [0x0000000355d80000, 0x0000000356d80000, 0x0000000380800000)
  eden space 13824K, 100% used [0x0000000355d80000,0x0000000356b00000,0x0000000356b00000)
  from space 512K, 93% used [0x0000000356b80000,0x0000000356bf8040,0x0000000356c00000)
  to   space 1024K, 0% used [0x0000000356c80000,0x0000000356c80000,0x0000000356d80000)
 ParOldGen       total 71168K, used 64082K [0x0000000300800000, 0x0000000304d80000, 0x0000000355d80000)
  object space 71168K, 90% used [0x0000000300800000,0x0000000304694800,0x0000000304d80000)
 Metaspace       used 69683K, committed 71296K, reserved 1114112K
  class space    used 8736K, committed 9408K, reserved 1048576K
}
Event: 10.890 GC heap after
{Heap after GC invocations=105 (full 3):
 PSYoungGen      total 14336K, used 224K [0x0000000355d80000, 0x0000000356d00000, 0x0000000380800000)
  eden space 13824K, 0% used [0x0000000355d80000,0x0000000355d80000,0x0000000356b00000)
  from space 512K, 43% used [0x0000000356c80000,0x0000000356cb8000,0x0000000356d00000)
  to   space 512K, 0% used [0x0000000356b80000,0x0000000356b80000,0x0000000356c00000)
 ParOldGen       total 71168K, used 64430K [0x0000000300800000, 0x0000000304d80000, 0x0000000355d80000)
  object space 71168K, 90% used [0x0000000300800000,0x00000003046eb870,0x0000000304d80000)
 Metaspace       used 69683K, committed 71296K, reserved 1114112K
  class space    used 8736K, committed 9408K, reserved 1048576K
}
Event: 10.941 GC heap before
{Heap before GC invocations=106 (full 3):
 PSYoungGen      total 14336K, used 14047K [0x0000000355d80000, 0x0000000356d00000, 0x0000000380800000)
  eden space 13824K, 99% used [0x0000000355d80000,0x0000000356affff0,0x0000000356b00000)
  from space 512K, 43% used [0x0000000356c80000,0x0000000356cb8000,0x0000000356d00000)
  to   space 512K, 0% used [0x0000000356b80000,0x0000000356b80000,0x0000000356c00000)
 ParOldGen       total 71168K, used 64430K [0x0000000300800000, 0x0000000304d80000, 0x0000000355d80000)
  object space 71168K, 90% used [0x0000000300800000,0x00000003046eb870,0x0000000304d80000)
 Metaspace       used 69786K, committed 71360K, reserved 1114112K
  class space    used 8746K, committed 9408K, reserved 1048576K
}
Event: 10.942 GC heap after
{Heap after GC invocations=106 (full 3):
 PSYoungGen      total 14336K, used 489K [0x0000000355d80000, 0x0000000357200000, 0x0000000380800000)
  eden space 13824K, 0% used [0x0000000355d80000,0x0000000355d80000,0x0000000356b00000)
  from space 512K, 95% used [0x0000000356b80000,0x0000000356bfa7c8,0x0000000356c00000)
  to   space 3584K, 0% used [0x0000000356e80000,0x0000000356e80000,0x0000000357200000)
 ParOldGen       total 71168K, used 66853K [0x0000000300800000, 0x0000000304d80000, 0x0000000355d80000)
  object space 71168K, 93% used [0x0000000300800000,0x0000000304949578,0x0000000304d80000)
 Metaspace       used 69786K, committed 71360K, reserved 1114112K
  class space    used 8746K, committed 9408K, reserved 1048576K
}
Event: 184.229 GC heap before
{Heap before GC invocations=107 (full 3):
 PSYoungGen      total 14336K, used 14313K [0x0000000355d80000, 0x0000000357200000, 0x0000000380800000)
  eden space 13824K, 100% used [0x0000000355d80000,0x0000000356b00000,0x0000000356b00000)
  from space 512K, 95% used [0x0000000356b80000,0x0000000356bfa7c8,0x0000000356c00000)
  to   space 3584K, 0% used [0x0000000356e80000,0x0000000356e80000,0x0000000357200000)
 ParOldGen       total 71168K, used 66853K [0x0000000300800000, 0x0000000304d80000, 0x0000000355d80000)
  object space 71168K, 93% used [0x0000000300800000,0x0000000304949578,0x0000000304d80000)
 Metaspace       used 70560K, committed 72064K, reserved 1114112K
  class space    used 8836K, committed 9472K, reserved 1048576K
}
Event: 184.251 GC heap after
{Heap after GC invocations=107 (full 3):
 PSYoungGen      total 16896K, used 2720K [0x0000000355d80000, 0x0000000357180000, 0x0000000380800000)
  eden space 13824K, 0% used [0x0000000355d80000,0x0000000355d80000,0x0000000356b00000)
  from space 3072K, 88% used [0x0000000356e80000,0x0000000357128000,0x0000000357180000)
  to   space 3072K, 0% used [0x0000000356b80000,0x0000000356b80000,0x0000000356e80000)
 ParOldGen       total 71168K, used 67359K [0x0000000300800000, 0x0000000304d80000, 0x0000000355d80000)
  object space 71168K, 94% used [0x0000000300800000,0x00000003049c7d40,0x0000000304d80000)
 Metaspace       used 70560K, committed 72064K, reserved 1114112K
  class space    used 8836K, committed 9472K, reserved 1048576K
}
Event: 768.993 GC heap before
{Heap before GC invocations=108 (full 3):
 PSYoungGen      total 16896K, used 16544K [0x0000000355d80000, 0x0000000357180000, 0x0000000380800000)
  eden space 13824K, 100% used [0x0000000355d80000,0x0000000356b00000,0x0000000356b00000)
  from space 3072K, 88% used [0x0000000356e80000,0x0000000357128000,0x0000000357180000)
  to   space 3072K, 0% used [0x0000000356b80000,0x0000000356b80000,0x0000000356e80000)
 ParOldGen       total 71168K, used 67359K [0x0000000300800000, 0x0000000304d80000, 0x0000000355d80000)
  object space 71168K, 94% used [0x0000000300800000,0x00000003049c7d40,0x0000000304d80000)
 Metaspace       used 70696K, committed 72320K, reserved 1114112K
  class space    used 8839K, committed 9536K, reserved 1048576K
}
Event: 769.012 GC heap after
{Heap after GC invocations=108 (full 3):
 PSYoungGen      total 14336K, used 288K [0x0000000355d80000, 0x0000000356f00000, 0x0000000380800000)
  eden space 13824K, 0% used [0x0000000355d80000,0x0000000355d80000,0x0000000356b00000)
  from space 512K, 56% used [0x0000000356b80000,0x0000000356bc8000,0x0000000356c00000)
  to   space 1536K, 0% used [0x0000000356d80000,0x0000000356d80000,0x0000000356f00000)
 ParOldGen       total 71168K, used 69975K [0x0000000300800000, 0x0000000304d80000, 0x0000000355d80000)
  object space 71168K, 98% used [0x0000000300800000,0x0000000304c55dc0,0x0000000304d80000)
 Metaspace       used 70696K, committed 72320K, reserved 1114112K
  class space    used 8839K, committed 9536K, reserved 1048576K
}
Event: 2224.129 GC heap before
{Heap before GC invocations=109 (full 3):
 PSYoungGen      total 14336K, used 14112K [0x0000000355d80000, 0x0000000356f00000, 0x0000000380800000)
  eden space 13824K, 100% used [0x0000000355d80000,0x0000000356b00000,0x0000000356b00000)
  from space 512K, 56% used [0x0000000356b80000,0x0000000356bc8000,0x0000000356c00000)
  to   space 1536K, 0% used [0x0000000356d80000,0x0000000356d80000,0x0000000356f00000)
 ParOldGen       total 71168K, used 69975K [0x0000000300800000, 0x0000000304d80000, 0x0000000355d80000)
  object space 71168K, 98% used [0x0000000300800000,0x0000000304c55dc0,0x0000000304d80000)
 Metaspace       used 71029K, committed 72640K, reserved 1114112K
  class space    used 8849K, committed 9536K, reserved 1048576K
}
Event: 2224.155 GC heap after
{Heap after GC invocations=109 (full 3):
 PSYoungGen      total 14336K, used 288K [0x0000000355d80000, 0x0000000356e00000, 0x0000000380800000)
  eden space 13824K, 0% used [0x0000000355d80000,0x0000000355d80000,0x0000000356b00000)
  from space 512K, 56% used [0x0000000356d80000,0x0000000356dc8000,0x0000000356e00000)
  to   space 512K, 0% used [0x0000000356b80000,0x0000000356b80000,0x0000000356c00000)
 ParOldGen       total 71168K, used 70071K [0x0000000300800000, 0x0000000304d80000, 0x0000000355d80000)
  object space 71168K, 98% used [0x0000000300800000,0x0000000304c6ddc0,0x0000000304d80000)
 Metaspace       used 71029K, committed 72640K, reserved 1114112K
  class space    used 8849K, committed 9536K, reserved 1048576K
}
Event: 3245.509 GC heap before
{Heap before GC invocations=110 (full 3):
 PSYoungGen      total 14336K, used 14112K [0x0000000355d80000, 0x0000000356e00000, 0x0000000380800000)
  eden space 13824K, 100% used [0x0000000355d80000,0x0000000356b00000,0x0000000356b00000)
  from space 512K, 56% used [0x0000000356d80000,0x0000000356dc8000,0x0000000356e00000)
  to   space 512K, 0% used [0x0000000356b80000,0x0000000356b80000,0x0000000356c00000)
 ParOldGen       total 71168K, used 70071K [0x0000000300800000, 0x0000000304d80000, 0x0000000355d80000)
  object space 71168K, 98% used [0x0000000300800000,0x0000000304c6ddc0,0x0000000304d80000)
 Metaspace       used 71096K, committed 72704K, reserved 1114112K
  class space    used 8851K, committed 9536K, reserved 1048576K
}
Event: 3245.533 GC heap after
{Heap after GC invocations=110 (full 3):
 PSYoungGen      total 14336K, used 288K [0x0000000355d80000, 0x0000000356e00000, 0x0000000380800000)
  eden space 13824K, 0% used [0x0000000355d80000,0x0000000355d80000,0x0000000356b00000)
  from space 512K, 56% used [0x0000000356b80000,0x0000000356bc8000,0x0000000356c00000)
  to   space 512K, 0% used [0x0000000356d80000,0x0000000356d80000,0x0000000356e00000)
 ParOldGen       total 71168K, used 70199K [0x0000000300800000, 0x0000000304d80000, 0x0000000355d80000)
  object space 71168K, 98% used [0x0000000300800000,0x0000000304c8ddc0,0x0000000304d80000)
 Metaspace       used 71096K, committed 72704K, reserved 1114112K
  class space    used 8851K, committed 9536K, reserved 1048576K
}

