# JRE version: OpenJDK Runtime Environment Temurin-21.0.9+10 (21.0.9+10) (build 21.0.9+10-LTS)
# Java VM: OpenJDK 64-Bit Server VM Temurin-21.0.9+10 (21.0.9+10-LTS, mixed mode, sharing, tiered, compressed oops, compressed class ptrs, parallel gc, bsd-aarch64)
GC Precious Log:
 CardTable entry size: 512
 CPUs: 10 total, 10 available
 Memory: 16384M
 Large Page Support: Disabled
 NUMA Support: Disabled
 Compressed Oops: Enabled (Zero based)
 Alignments: Space 512K, Generation 512K, Heap 8M
 Heap Min Capacity: 104M
 Heap Initial Capacity: 104M
 Heap Max Capacity: 2G
 Pre-touch: Disabled
 Parallel Workers: 9
Heap:
 PSYoungGen      total 8704K, used 1910K [0x0000000355d80000, 0x0000000356780000, 0x0000000380800000)
  eden space 8192K, 21% used [0x0000000355d80000,0x0000000355f35840,0x0000000356580000)
  from space 512K, 31% used [0x0000000356680000,0x00000003566a8000,0x0000000356700000)
  to   space 512K, 0% used [0x0000000356700000,0x0000000356700000,0x0000000356780000)
 ParOldGen       total 820224K, used 819732K [0x0000000300800000, 0x0000000332900000, 0x0000000355d80000)
  object space 820224K, 99% used [0x0000000300800000,0x00000003328853f8,0x0000000332900000)
 Metaspace       used 87055K, committed 88960K, reserved 1179648K
  class space    used 11084K, committed 11968K, reserved 1048576K
GC Heap History (20 events):
Event: 94.778 GC heap before
{Heap before GC invocations=2163 (full 4):
 PSYoungGen      total 15360K, used 15345K [0x0000000355d80000, 0x0000000357300000, 0x0000000380800000)
  eden space 12288K, 100% used [0x0000000355d80000,0x0000000356980000,0x0000000356980000)
  from space 3072K, 99% used [0x0000000356980000,0x0000000356c7c758,0x0000000356c80000)
  to   space 4096K, 0% used [0x0000000356f00000,0x0000000356f00000,0x0000000357300000)
 ParOldGen       total 790016K, used 789309K [0x0000000300800000, 0x0000000330b80000, 0x0000000355d80000)
  object space 790016K, 99% used [0x0000000300800000,0x0000000330acf570,0x0000000330b80000)
 Metaspace       used 86787K, committed 88576K, reserved 1179648K
  class space    used 11061K, committed 11904K, reserved 1048576K
}
Event: 94.783 GC heap after
{Heap after GC invocations=2163 (full 4):
 PSYoungGen      total 6656K, used 4082K [0x0000000355d80000, 0x0000000358a00000, 0x0000000380800000)
  eden space 2560K, 0% used [0x0000000355d80000,0x0000000355d80000,0x0000000356000000)
  from space 4096K, 99% used [0x0000000356f00000,0x00000003572fcad8,0x0000000357300000)
  to   space 15360K, 0% used [0x0000000356000000,0x0000000356000000,0x0000000356f00000)
 ParOldGen       total 798720K, used 798714K [0x0000000300800000, 0x0000000331400000, 0x0000000355d80000)
  object space 798720K, 99% used [0x0000000300800000,0x00000003313fe860,0x0000000331400000)
 Metaspace       used 86787K, committed 88576K, reserved 1179648K
  class space    used 11061K, committed 11904K, reserved 1048576K
}
Event: 94.788 GC heap before
{Heap before GC invocations=2164 (full 4):
 PSYoungGen      total 6656K, used 6642K [0x0000000355d80000, 0x0000000358a00000, 0x0000000380800000)
  eden space 2560K, 100% used [0x0000000355d80000,0x0000000356000000,0x0000000356000000)
  from space 4096K, 99% used [0x0000000356f00000,0x00000003572fcad8,0x0000000357300000)
  to   space 15360K, 0% used [0x0000000356000000,0x0000000356000000,0x0000000356f00000)
 ParOldGen       total 798720K, used 798714K [0x0000000300800000, 0x0000000331400000, 0x0000000355d80000)
  object space 798720K, 99% used [0x0000000300800000,0x00000003313fe860,0x0000000331400000)
 Metaspace       used 86850K, committed 88640K, reserved 1179648K
  class space    used 11066K, committed 11904K, reserved 1048576K
}
Event: 94.792 GC heap after
{Heap after GC invocations=2164 (full 4):
 PSYoungGen      total 5120K, used 2112K [0x0000000355d80000, 0x0000000356f80000, 0x0000000380800000)
  eden space 2560K, 0% used [0x0000000355d80000,0x0000000355d80000,0x0000000356000000)
  from space 2560K, 82% used [0x0000000356000000,0x0000000356210000,0x0000000356280000)
  to   space 6656K, 0% used [0x0000000356900000,0x0000000356900000,0x0000000356f80000)
 ParOldGen       total 803328K, used 802830K [0x0000000300800000, 0x0000000331880000, 0x0000000355d80000)
  object space 803328K, 99% used [0x0000000300800000,0x00000003318038e0,0x0000000331880000)
 Metaspace       used 86850K, committed 88640K, reserved 1179648K
  class space    used 11066K, committed 11904K, reserved 1048576K
}
Event: 94.795 GC heap before
{Heap before GC invocations=2165 (full 4):
 PSYoungGen      total 5120K, used 4672K [0x0000000355d80000, 0x0000000356f80000, 0x0000000380800000)
  eden space 2560K, 100% used [0x0000000355d80000,0x0000000356000000,0x0000000356000000)
  from space 2560K, 82% used [0x0000000356000000,0x0000000356210000,0x0000000356280000)
  to   space 6656K, 0% used [0x0000000356900000,0x0000000356900000,0x0000000356f80000)
 ParOldGen       total 803328K, used 802830K [0x0000000300800000, 0x0000000331880000, 0x0000000355d80000)
  object space 803328K, 99% used [0x0000000300800000,0x00000003318038e0,0x0000000331880000)
 Metaspace       used 86853K, committed 88640K, reserved 1179648K
  class space    used 11066K, committed 11904K, reserved 1048576K
}
Event: 94.799 GC heap after
{Heap after GC invocations=2165 (full 4):
 PSYoungGen      total 5632K, used 2364K [0x0000000355d80000, 0x0000000356b80000, 0x0000000380800000)
  eden space 3072K, 0% used [0x0000000355d80000,0x0000000355d80000,0x0000000356080000)
  from space 2560K, 92% used [0x0000000356900000,0x0000000356b4f1f8,0x0000000356b80000)
  to   space 3072K, 0% used [0x0000000356580000,0x0000000356580000,0x0000000356880000)
 ParOldGen       total 804864K, used 804821K [0x0000000300800000, 0x0000000331a00000, 0x0000000355d80000)
  object space 804864K, 99% used [0x0000000300800000,0x00000003319f56f0,0x0000000331a00000)
 Metaspace       used 86853K, committed 88640K, reserved 1179648K
  class space    used 11066K, committed 11904K, reserved 1048576K
}
Event: 94.802 GC heap before
{Heap before GC invocations=2166 (full 4):
 PSYoungGen      total 5632K, used 5436K [0x0000000355d80000, 0x0000000356b80000, 0x0000000380800000)
  eden space 3072K, 100% used [0x0000000355d80000,0x0000000356080000,0x0000000356080000)
  from space 2560K, 92% used [0x0000000356900000,0x0000000356b4f1f8,0x0000000356b80000)
  to   space 3072K, 0% used [0x0000000356580000,0x0000000356580000,0x0000000356880000)
 ParOldGen       total 804864K, used 804821K [0x0000000300800000, 0x0000000331a00000, 0x0000000355d80000)
  object space 804864K, 99% used [0x0000000300800000,0x00000003319f56f0,0x0000000331a00000)
 Metaspace       used 86855K, committed 88640K, reserved 1179648K
  class space    used 11066K, committed 11904K, reserved 1048576K
}
Event: 94.805 GC heap after
{Heap after GC invocations=2166 (full 4):
 PSYoungGen      total 7168K, used 2962K [0x0000000355d80000, 0x0000000356980000, 0x0000000380800000)
  eden space 4096K, 0% used [0x0000000355d80000,0x0000000355d80000,0x0000000356180000)
  from space 3072K, 96% used [0x0000000356580000,0x0000000356864930,0x0000000356880000)
  to   space 1024K, 0% used [0x0000000356880000,0x0000000356880000,0x0000000356980000)
 ParOldGen       total 807424K, used 807071K [0x0000000300800000, 0x0000000331c80000, 0x0000000355d80000)
  object space 807424K, 99% used [0x0000000300800000,0x0000000331c27f28,0x0000000331c80000)
 Metaspace       used 86855K, committed 88640K, reserved 1179648K
  class space    used 11066K, committed 11904K, reserved 1048576K
}
Event: 94.808 GC heap before
{Heap before GC invocations=2167 (full 4):
 PSYoungGen      total 7168K, used 7058K [0x0000000355d80000, 0x0000000356980000, 0x0000000380800000)
  eden space 4096K, 100% used [0x0000000355d80000,0x0000000356180000,0x0000000356180000)
  from space 3072K, 96% used [0x0000000356580000,0x0000000356864930,0x0000000356880000)
  to   space 1024K, 0% used [0x0000000356880000,0x0000000356880000,0x0000000356980000)
 ParOldGen       total 807424K, used 807071K [0x0000000300800000, 0x0000000331c80000, 0x0000000355d80000)
  object space 807424K, 99% used [0x0000000300800000,0x0000000331c27f28,0x0000000331c80000)
 Metaspace       used 86901K, committed 88704K, reserved 1179648K
  class space    used 11072K, committed 11904K, reserved 1048576K
}
Event: 94.810 GC heap after
{Heap after GC invocations=2167 (full 4):
 PSYoungGen      total 6144K, used 1024K [0x0000000355d80000, 0x0000000356e80000, 0x0000000380800000)
  eden space 5120K, 0% used [0x0000000355d80000,0x0000000355d80000,0x0000000356280000)
  from space 1024K, 100% used [0x0000000356880000,0x0000000356980000,0x0000000356980000)
  to   space 6144K, 0% used [0x0000000356280000,0x0000000356280000,0x0000000356880000)
 ParOldGen       total 811520K, used 811492K [0x0000000300800000, 0x0000000332080000, 0x0000000355d80000)
  object space 811520K, 99% used [0x0000000300800000,0x00000003320793f8,0x0000000332080000)
 Metaspace       used 86901K, committed 88704K, reserved 1179648K
  class space    used 11072K, committed 11904K, reserved 1048576K
}
Event: 94.816 GC heap before
{Heap before GC invocations=2168 (full 4):
 PSYoungGen      total 6144K, used 6144K [0x0000000355d80000, 0x0000000356e80000, 0x0000000380800000)
  eden space 5120K, 100% used [0x0000000355d80000,0x0000000356280000,0x0000000356280000)
  from space 1024K, 100% used [0x0000000356880000,0x0000000356980000,0x0000000356980000)
  to   space 6144K, 0% used [0x0000000356280000,0x0000000356280000,0x0000000356880000)
 ParOldGen       total 811520K, used 811492K [0x0000000300800000, 0x0000000332080000, 0x0000000355d80000)
  object space 811520K, 99% used [0x0000000300800000,0x00000003320793f8,0x0000000332080000)
 Metaspace       used 86930K, committed 88704K, reserved 1179648K
  class space    used 11076K, committed 11904K, reserved 1048576K
}
Event: 94.818 GC heap after
{Heap after GC invocations=2168 (full 4):
 PSYoungGen      total 8704K, used 3520K [0x0000000355d80000, 0x0000000356c80000, 0x0000000380800000)
  eden space 5120K, 0% used [0x0000000355d80000,0x0000000355d80000,0x0000000356280000)
  from space 3584K, 98% used [0x0000000356280000,0x00000003565f0000,0x0000000356600000)
  to   space 4608K, 0% used [0x0000000356800000,0x0000000356800000,0x0000000356c80000)
 ParOldGen       total 812544K, used 812540K [0x0000000300800000, 0x0000000332180000, 0x0000000355d80000)
  object space 812544K, 99% used [0x0000000300800000,0x000000033217f3f8,0x0000000332180000)
 Metaspace       used 86930K, committed 88704K, reserved 1179648K
  class space    used 11076K, committed 11904K, reserved 1048576K
}
Event: 94.823 GC heap before
{Heap before GC invocations=2169 (full 4):
 PSYoungGen      total 8704K, used 8640K [0x0000000355d80000, 0x0000000356c80000, 0x0000000380800000)
  eden space 5120K, 100% used [0x0000000355d80000,0x0000000356280000,0x0000000356280000)
  from space 3584K, 98% used [0x0000000356280000,0x00000003565f0000,0x0000000356600000)
  to   space 4608K, 0% used [0x0000000356800000,0x0000000356800000,0x0000000356c80000)
 ParOldGen       total 812544K, used 812540K [0x0000000300800000, 0x0000000332180000, 0x0000000355d80000)
  object space 812544K, 99% used [0x0000000300800000,0x000000033217f3f8,0x0000000332180000)
 Metaspace       used 86932K, committed 88704K, reserved 1179648K
  class space    used 11076K, committed 11904K, reserved 1048576K
}
Event: 94.826 GC heap after
{Heap after GC invocations=2169 (full 4):
 PSYoungGen      total 10240K, used 3776K [0x0000000355d80000, 0x0000000356c00000, 0x0000000380800000)
  eden space 6144K, 0% used [0x0000000355d80000,0x0000000355d80000,0x0000000356380000)
  from space 4096K, 92% used [0x0000000356800000,0x0000000356bb0000,0x0000000356c00000)
  to   space 4096K, 0% used [0x0000000356400000,0x0000000356400000,0x0000000356800000)
 ParOldGen       total 816128K, used 815924K [0x0000000300800000, 0x0000000332500000, 0x0000000355d80000)
  object space 816128K, 99% used [0x0000000300800000,0x00000003324cd3f8,0x0000000332500000)
 Metaspace       used 86932K, committed 88704K, reserved 1179648K
  class space    used 11076K, committed 11904K, reserved 1048576K
}
Event: 5367.416 GC heap before
{Heap before GC invocations=2170 (full 4):
 PSYoungGen      total 10240K, used 9920K [0x0000000355d80000, 0x0000000356c00000, 0x0000000380800000)
  eden space 6144K, 100% used [0x0000000355d80000,0x0000000356380000,0x0000000356380000)
  from space 4096K, 92% used [0x0000000356800000,0x0000000356bb0000,0x0000000356c00000)
  to   space 4096K, 0% used [0x0000000356400000,0x0000000356400000,0x0000000356800000)
 ParOldGen       total 816128K, used 815924K [0x0000000300800000, 0x0000000332500000, 0x0000000355d80000)
  object space 816128K, 99% used [0x0000000300800000,0x00000003324cd3f8,0x0000000332500000)
 Metaspace       used 87021K, committed 88896K, reserved 1179648K
  class space    used 11084K, committed 11968K, reserved 1048576K
}
Event: 5367.825 GC heap after
{Heap after GC invocations=2170 (full 4):
 PSYoungGen      total 7168K, used 288K [0x0000000355d80000, 0x0000000356900000, 0x0000000380800000)
  eden space 6656K, 0% used [0x0000000355d80000,0x0000000355d80000,0x0000000356400000)
  from space 512K, 56% used [0x0000000356400000,0x0000000356448000,0x0000000356480000)
  to   space 2048K, 0% used [0x0000000356700000,0x0000000356700000,0x0000000356900000)
 ParOldGen       total 819712K, used 819588K [0x0000000300800000, 0x0000000332880000, 0x0000000355d80000)
  object space 819712K, 99% used [0x0000000300800000,0x00000003328613f8,0x0000000332880000)
 Metaspace       used 87021K, committed 88896K, reserved 1179648K
  class space    used 11084K, committed 11968K, reserved 1048576K
}
Event: 5780.440 GC heap before
{Heap before GC invocations=2171 (full 4):
 PSYoungGen      total 7168K, used 6944K [0x0000000355d80000, 0x0000000356900000, 0x0000000380800000)
  eden space 6656K, 100% used [0x0000000355d80000,0x0000000356400000,0x0000000356400000)
  from space 512K, 56% used [0x0000000356400000,0x0000000356448000,0x0000000356480000)
  to   space 2048K, 0% used [0x0000000356700000,0x0000000356700000,0x0000000356900000)
 ParOldGen       total 819712K, used 819588K [0x0000000300800000, 0x0000000332880000, 0x0000000355d80000)
  object space 819712K, 99% used [0x0000000300800000,0x00000003328613f8,0x0000000332880000)
 Metaspace       used 87023K, committed 88896K, reserved 1179648K
  class space    used 11084K, committed 11968K, reserved 1048576K
}
Event: 5780.494 GC heap after
{Heap after GC invocations=2171 (full 4):
 PSYoungGen      total 8704K, used 224K [0x0000000355d80000, 0x0000000356780000, 0x0000000380800000)
  eden space 8192K, 0% used [0x0000000355d80000,0x0000000355d80000,0x0000000356580000)
  from space 512K, 43% used [0x0000000356700000,0x0000000356738000,0x0000000356780000)
  to   space 512K, 0% used [0x0000000356680000,0x0000000356680000,0x0000000356700000)
 ParOldGen       total 820224K, used 819724K [0x0000000300800000, 0x0000000332900000, 0x0000000355d80000)
  object space 820224K, 99% used [0x0000000300800000,0x00000003328833f8,0x0000000332900000)
 Metaspace       used 87023K, committed 88896K, reserved 1179648K
  class space    used 11084K, committed 11968K, reserved 1048576K
}
Event: 7511.205 GC heap before
{Heap before GC invocations=2172 (full 4):
 PSYoungGen      total 8704K, used 8416K [0x0000000355d80000, 0x0000000356780000, 0x0000000380800000)
  eden space 8192K, 100% used [0x0000000355d80000,0x0000000356580000,0x0000000356580000)
  from space 512K, 43% used [0x0000000356700000,0x0000000356738000,0x0000000356780000)
  to   space 512K, 0% used [0x0000000356680000,0x0000000356680000,0x0000000356700000)
 ParOldGen       total 820224K, used 819724K [0x0000000300800000, 0x0000000332900000, 0x0000000355d80000)
  object space 820224K, 99% used [0x0000000300800000,0x00000003328833f8,0x0000000332900000)
 Metaspace       used 87033K, committed 88896K, reserved 1179648K
  class space    used 11084K, committed 11968K, reserved 1048576K
}
Event: 7511.423 GC heap after
{Heap after GC invocations=2172 (full 4):
 PSYoungGen      total 8704K, used 160K [0x0000000355d80000, 0x0000000356780000, 0x0000000380800000)
  eden space 8192K, 0% used [0x0000000355d80000,0x0000000355d80000,0x0000000356580000)
  from space 512K, 31% used [0x0000000356680000,0x00000003566a8000,0x0000000356700000)
  to   space 512K, 0% used [0x0000000356700000,0x0000000356700000,0x0000000356780000)
 ParOldGen       total 820224K, used 819732K [0x0000000300800000, 0x0000000332900000, 0x0000000355d80000)
  object space 820224K, 99% used [0x0000000300800000,0x00000003328853f8,0x0000000332900000)
 Metaspace       used 87033K, committed 88896K, reserved 1179648K
  class space    used 11084K, committed 11968K, reserved 1048576K
}

